current directory: /home/adminceven/hp-api/path/ruby/3.2.0/gems/websocket-driver-0.7.6/ext/websocket-driver
/home/adminceven/.rvm/rubies/ruby-3.2.2/bin/ruby extconf.rb
creating Makefile

current directory: /home/adminceven/hp-api/path/ruby/3.2.0/gems/websocket-driver-0.7.6/ext/websocket-driver
make DESTDIR\= sitearchdir\=./.gem.20240118-1870-qfxrwc sitelibdir\=./.gem.20240118-1870-qfxrwc clean

current directory: /home/adminceven/hp-api/path/ruby/3.2.0/gems/websocket-driver-0.7.6/ext/websocket-driver
make DESTDIR\= sitearchdir\=./.gem.20240118-1870-qfxrwc sitelibdir\=./.gem.20240118-1870-qfxrwc
compiling websocket_mask.c
websocket_mask.c: In function ‘Init_websocket_mask’:
websocket_mask.c:26:6: warning: old-style function definition [-Wold-style-definition]
   26 | void Init_websocket_mask()
      |      ^~~~~~~~~~~~~~~~~~~
websocket_mask.c: At top level:
cc1: warning: unrecognized command line option ‘-Wno-self-assign’
cc1: warning: unrecognized command line option ‘-Wno-parentheses-equality’
cc1: warning: unrecognized command line option ‘-Wno-constant-logical-operand’
linking shared-object websocket_mask.so

current directory: /home/adminceven/hp-api/path/ruby/3.2.0/gems/websocket-driver-0.7.6/ext/websocket-driver
make DESTDIR\= sitearchdir\=./.gem.20240118-1870-qfxrwc sitelibdir\=./.gem.20240118-1870-qfxrwc install
/usr/bin/install -m 0755 websocket_mask.so ./.gem.20240118-1870-qfxrwc

current directory: /home/adminceven/hp-api/path/ruby/3.2.0/gems/websocket-driver-0.7.6/ext/websocket-driver
make DESTDIR\= sitearchdir\=./.gem.20240118-1870-qfxrwc sitelibdir\=./.gem.20240118-1870-qfxrwc clean
